{
  "RSpec": {
    "coverage": {
      "/Users/israel.rivas/repos/rtv-challenge-api/spec/controllers/audio_qualities_controller_spec.rb": [
        1,
        null,
        1,
        null,
        null
      ],
      "/Users/israel.rivas/repos/rtv-challenge-api/spec/rails_helper.rb": [
        null,
        1,
        1,
        null,
        1,
        1,
        1,
        null,
        1,
        null,
        null,
        null,
        null,
        null,
        null,
        null,
        null,
        null,
        null,
        null,
        null,
        null,
        2,
        null,
        null,
        null,
        1,
        null,
        1,
        1,
        1,
        1,
        null,
        null,
        null,
        1,
        null,
        1,
        null,
        null,
        null,
        null,
        1,
        null,
        1,
        null,
        1,
        1,
        1,
        null,
        null,
        1,
        53,
        53,
        null,
        null,
        null,
        null,
        null,
        null,
        null,
        null,
        null,
        null,
        null,
        null,
        null,
        null,
        null,
        1,
        null,
        1,
        null,
        null,
        1,
        null,
        null,
        null
      ],
      "/Users/israel.rivas/repos/rtv-challenge-api/config/environment.rb": [
        null,
        1,
        null,
        null,
        1
      ],
      "/Users/israel.rivas/repos/rtv-challenge-api/config/application.rb": [
        1,
        null,
        1,
        null,
        1,
        1,
        1,
        1,
        1,
        1,
        1,
        1,
        null,
        null,
        null,
        null,
        null,
        1,
        null,
        1,
        1,
        null,
        1,
        null,
        null,
        null,
        null,
        null,
        null,
        null,
        null,
        null,
        1,
        null,
        null
      ],
      "/Users/israel.rivas/repos/rtv-challenge-api/config/boot.rb": [
        1,
        null,
        1,
        1
      ],
      "/Users/israel.rivas/repos/rtv-challenge-api/config/environments/test.rb": [
        1,
        null,
        null,
        null,
        null,
        null,
        null,
        1,
        null,
        null,
        null,
        null,
        1,
        null,
        null,
        1,
        1,
        null,
        null,
        null,
        null,
        1,
        1,
        null,
        null,
        1,
        null,
        null,
        1,
        null,
        null,
        1,
        null,
        1,
        null,
        null,
        null,
        null,
        1,
        null,
        null,
        1,
        null,
        null,
        null,
        null
      ],
      "/Users/israel.rivas/repos/rtv-challenge-api/config/initializers/application_controller_renderer.rb": [
        null,
        null,
        null,
        null,
        null,
        null,
        null,
        null
      ],
      "/Users/israel.rivas/repos/rtv-challenge-api/config/initializers/backtrace_silencers.rb": [
        null,
        null,
        null,
        null,
        null,
        null,
        null
      ],
      "/Users/israel.rivas/repos/rtv-challenge-api/config/initializers/cors.rb": [
        null,
        null,
        null,
        null,
        null,
        null,
        null,
        null,
        null,
        null,
        null,
        null,
        null,
        null,
        null,
        null
      ],
      "/Users/israel.rivas/repos/rtv-challenge-api/config/initializers/filter_parameter_logging.rb": [
        null,
        null,
        null,
        1
      ],
      "/Users/israel.rivas/repos/rtv-challenge-api/config/initializers/inflections.rb": [
        null,
        null,
        null,
        null,
        null,
        null,
        null,
        null,
        null,
        null,
        null,
        null,
        null,
        null,
        null,
        null
      ],
      "/Users/israel.rivas/repos/rtv-challenge-api/config/initializers/mime_types.rb": [
        null,
        null,
        null,
        null
      ],
      "/Users/israel.rivas/repos/rtv-challenge-api/config/initializers/wrap_parameters.rb": [
        null,
        null,
        null,
        null,
        null,
        null,
        1,
        2,
        null,
        null,
        null,
        null,
        null,
        null
      ],
      "/Users/israel.rivas/repos/rtv-challenge-api/spec/factories/audio_quality_factory.rb": [
        1,
        1,
        66,
        66,
        66,
        66,
        null,
        null
      ],
      "/Users/israel.rivas/repos/rtv-challenge-api/spec/factories/genre_factory.rb": [
        1,
        1,
        66,
        null,
        null
      ],
      "/Users/israel.rivas/repos/rtv-challenge-api/spec/factories/video_quality_factory.rb": [
        1,
        1,
        66,
        66,
        66,
        66,
        null,
        null
      ],
      "/Users/israel.rivas/repos/rtv-challenge-api/config/routes.rb": [
        1,
        null,
        1,
        1,
        1,
        null
      ],
      "/Users/israel.rivas/repos/rtv-challenge-api/spec/support/request_spec_helper.rb": [
        1,
        null,
        1,
        15,
        null,
        null
      ],
      "/Users/israel.rivas/repos/rtv-challenge-api/app/controllers/audio_qualities_controller.rb": [
        1,
        1,
        1,
        null,
        null,
        1,
        2,
        2,
        null,
        null,
        null,
        1,
        4,
        2,
        null,
        null,
        null,
        1,
        2,
        null,
        null,
        null,
        1,
        2,
        2,
        null,
        null,
        null,
        1,
        1,
        1,
        null,
        null,
        1,
        1,
        6,
        null,
        null,
        1,
        7,
        null,
        null,
        1,
        2,
        2,
        null,
        null
      ],
      "/Users/israel.rivas/repos/rtv-challenge-api/app/controllers/application_controller.rb": [
        1,
        1,
        1,
        null
      ],
      "/Users/israel.rivas/repos/rtv-challenge-api/app/controllers/concerns/response.rb": [
        1,
        1,
        6,
        null,
        null,
        null,
        null,
        null,
        null,
        1,
        24,
        null,
        null,
        1,
        9,
        null,
        null
      ],
      "/Users/israel.rivas/repos/rtv-challenge-api/app/controllers/concerns/exception_handler.rb": [
        1,
        null,
        1,
        null,
        1,
        1,
        6,
        null,
        null,
        1,
        6,
        null,
        null,
        null
      ],
      "/Users/israel.rivas/repos/rtv-challenge-api/spec/controllers/genres_controller_spec.rb": [
        1,
        null,
        1,
        null,
        null
      ],
      "/Users/israel.rivas/repos/rtv-challenge-api/app/controllers/genres_controller.rb": [
        1,
        1,
        1,
        null,
        null,
        1,
        2,
        2,
        null,
        null,
        null,
        1,
        4,
        2,
        null,
        null,
        null,
        1,
        2,
        null,
        null,
        null,
        1,
        2,
        2,
        null,
        null,
        null,
        1,
        1,
        1,
        null,
        null,
        1,
        1,
        6,
        null,
        null,
        1,
        7,
        null,
        null,
        1,
        2,
        2,
        null,
        null
      ],
      "/Users/israel.rivas/repos/rtv-challenge-api/spec/controllers/video_qualities_controller_spec.rb": [
        1,
        null,
        1,
        null,
        null
      ],
      "/Users/israel.rivas/repos/rtv-challenge-api/app/controllers/video_qualities_controller.rb": [
        1,
        1,
        1,
        null,
        null,
        1,
        2,
        2,
        null,
        null,
        null,
        1,
        4,
        2,
        null,
        null,
        null,
        1,
        4,
        null,
        null,
        1,
        4,
        null,
        null,
        null
      ],
      "/Users/israel.rivas/repos/rtv-challenge-api/spec/controllers/video_qualities_controller_spec.rb": [
        1,
        null,
        1,
        null,
        null
      ],
      "/Users/israel.rivas/repos/rtv-challenge-api/app/controllers/video_qualities_controller.rb": [
        1,
        1,
        null,
        null,
        1,
        2,
        2,
        null,
        null,
        null,
        1,
        4,
        2,
        null,
        null,
        null,
        1,
        2,
        null,
        null,
        null,
        1,
        2,
        2,
        null,
        null,
        null,
        1,
        1,
        1,
        null,
        null,
        1,
        1,
        6,
        null,
        null,
        1,
        7,
        null,
        null,
        1,
        2,
        2,
        null,
        null
      ],
      "/Users/israel.rivas/repos/rtv-challenge-api/spec/models/audio_quality_spec.rb": [
        1,
        null,
        1,
        2,
        2,
        null,
        2,
        2,
        2,
        2,
        null
      ],
      "/Users/israel.rivas/repos/rtv-challenge-api/app/models/audio_quality.rb": [
        1,
        1,
        null
      ],
      "/Users/israel.rivas/repos/rtv-challenge-api/app/models/application_record.rb": [
        1,
        1,
        null
      ],
      "/Users/israel.rivas/repos/rtv-challenge-api/spec/models/video_quality_spec.rb": [
        1,
        null,
        1,
        2,
        2,
        null,
        2,
        2,
        2,
        2,
        null
      ],
      "/Users/israel.rivas/repos/rtv-challenge-api/app/models/video_quality.rb": [
        1,
        1,
        null
      ],
      "/Users/israel.rivas/repos/rtv-challenge-api/spec/models/genre_spec.rb": [
        1,
        null,
        1,
        2,
        2,
        null
      ],
      "/Users/israel.rivas/repos/rtv-challenge-api/app/models/genre.rb": [
        1,
        1,
        null
      ],
      "/Users/israel.rivas/repos/rtv-challenge-api/spec/models/video_quality_spec.rb": [
        1,
        null,
        1,
        2,
        2,
        null,
        2,
        2,
        2,
        2,
        null
      ],
      "/Users/israel.rivas/repos/rtv-challenge-api/app/models/video_quality.rb": [
        1,
        1,
        null
      ],
      "/Users/israel.rivas/repos/rtv-challenge-api/spec/requests/audio_qualities_spec.rb": [
        1,
        null,
        1,
        null,
        14,
        6,
        null,
        null,
        1,
        null,
        3,
        null,
        1,
        null,
        1,
        1,
        null,
        null,
        1,
        1,
        null,
        null,
        null,
        null,
        1,
        5,
        null,
        1,
        1,
        1,
        1,
        null,
        null,
        1,
        1,
        null,
        null,
        null,
        1,
        3,
        null,
        1,
        1,
        null,
        null,
        1,
        1,
        null,
        null,
        null,
        null,
        null,
        1,
        null,
        1,
        null,
        2,
        null,
        null,
        null,
        null,
        null,
        null,
        1,
        3,
        null,
        1,
        1,
        null,
        null,
        1,
        1,
        null,
        null,
        null,
        1,
        3,
        null,
        1,
        1,
        null,
        null,
        1,
        1,
        null,
        null,
        null,
        1,
        3,
        null,
        1,
        1,
        null,
        null,
        1,
        1,
        null,
        null,
        null,
        null,
        null,
        null,
        1,
        3,
        null,
        1,
        3,
        null,
        1,
        1,
        null,
        null,
        1,
        1,
        null,
        null,
        null,
        null,
        null,
        1,
        2,
        null,
        1,
        1,
        null,
        null,
        null
      ],
      "/Users/israel.rivas/repos/rtv-challenge-api/spec/requests/video_qualities_spec.rb": [
        1,
        null,
        1,
        null,
        14,
        6,
        null,
        null,
        1,
        null,
        3,
        null,
        1,
        null,
        1,
        1,
        null,
        null,
        1,
        1,
        null,
        null,
        null,
        null,
        1,
        5,
        null,
        1,
        1,
        1,
        1,
        null,
        null,
        1,
        1,
        null,
        null,
        null,
        1,
        3,
        null,
        1,
        1,
        null,
        null,
        1,
        1,
        null,
        null,
        null,
        null,
        null,
        1,
        null,
        1,
        null,
        null,
        null,
        1,
        3,
        null,
        1,
        3,
        null,
        1,
        1,
        null,
        null,
        1,
        1,
        null,
        null,
        null,
        null,
        null,
        1,
        2,
        null,
        1,
        1,
        null,
        null,
        null
      ],
      "/Users/israel.rivas/repos/rtv-challenge-api/spec/requests/genres_spec.rb": [
        1,
        null,
        1,
        null,
        14,
        6,
        null,
        null,
        1,
        null,
        3,
        null,
        1,
        null,
        1,
        1,
        null,
        null,
        1,
        1,
        null,
        null,
        null,
        null,
        1,
        5,
        null,
        1,
        1,
        1,
        1,
        null,
        null,
        1,
        1,
        null,
        null,
        null,
        1,
        3,
        null,
        1,
        1,
        null,
        null,
        1,
        1,
        null,
        null,
        null,
        null,
        null,
        1,
        null,
        3,
        null,
        1,
        3,
        null,
        1,
        1,
        null,
        null,
        1,
        1,
        null,
        null,
        null,
        1,
        3,
        null,
        1,
        1,
        null,
        null,
        1,
        1,
        null,
        null,
        null,
        null,
        null,
        null,
        1,
        3,
        null,
        1,
        3,
        null,
        1,
        1,
        null,
        null,
        1,
        1,
        null,
        null,
        null,
        null,
        null,
        1,
        2,
        null,
        1,
        1,
        null,
        null,
        null
      ],
      "/Users/israel.rivas/repos/rtv-challenge-api/spec/requests/video_qualities_spec.rb": [
        1,
        null,
        1,
        null,
        14,
        6,
        null,
        null,
        1,
        null,
        3,
        null,
        1,
        null,
        1,
        1,
        null,
        null,
        1,
        1,
        null,
        null,
        null,
        null,
        1,
        5,
        null,
        1,
        1,
        1,
        1,
        null,
        null,
        1,
        1,
        null,
        null,
        null,
        1,
        3,
        null,
        1,
        1,
        null,
        null,
        1,
        1,
        null,
        null,
        null,
        null,
        null,
        1,
        null,
        1,
        null,
        2,
        null,
        null,
        null,
        null,
        null,
        null,
        null,
        null,
        null,
        null,
        1,
        3,
        null,
        1,
        1,
        null,
        null,
        1,
        1,
        null,
        null,
        null,
        1,
        3,
        null,
        1,
        1,
        null,
        null,
        1,
        1,
        null,
        null,
        null,
        null,
        null,
        null,
        1,
        3,
        null,
        1,
        3,
        null,
        1,
        1,
        null,
        null,
        1,
        1,
        null,
        null,
        null,
        null,
        null,
        1,
        2,
        null,
        1,
        1,
        null,
        null,
        null
      ]
    },
    "timestamp": 1553251167
  }
}
